2024-01-02 09:07:28,512 INFO [main] c.r.r.p.Main [Main.java:49] -- Displaying main menu...
2024-01-02 09:08:22,298 INFO [main] c.r.r.p.Main [Main.java:64] -- User chose to login.
2024-01-02 09:08:31,104 INFO [main] c.r.r.p.Main [Main.java:49] -- Displaying main menu...
2024-01-02 09:08:37,501 INFO [main] c.r.r.p.Main [Main.java:67] -- User chose to view subscriptions.
2024-01-02 09:08:37,655 INFO [main] c.r.r.p.Main [Main.java:49] -- Displaying main menu...
2024-01-02 09:08:50,901 INFO [main] c.r.r.p.Main [Main.java:110] -- Closing the application.
2024-01-02 23:54:34,409 INFO [main] c.r.r.p.Main [Main.java:49] -- Displaying main menu...
2024-01-02 23:59:35,923 INFO [main] c.r.r.p.Main [Main.java:49] -- Displaying main menu...
2024-01-03 02:11:36,064 INFO [main] c.r.r.p.Main [Main.java:49] -- Displaying main menu...
2024-01-03 02:11:39,471 INFO [main] c.r.r.p.Main [Main.java:64] -- User chose to login.
2024-01-03 02:11:46,311 INFO [main] c.r.r.p.Main [Main.java:49] -- Displaying main menu...
2024-01-03 02:11:50,247 INFO [main] c.r.r.p.Main [Main.java:79] -- User chose to subscribe to a plan.
2024-01-03 02:11:51,607 INFO [main] c.r.r.p.Main [Main.java:49] -- Displaying main menu...
2024-01-03 02:11:53,523 INFO [main] c.r.r.p.Main [Main.java:67] -- User chose to view subscriptions.
2024-01-03 02:11:53,642 INFO [main] c.r.r.p.Main [Main.java:49] -- Displaying main menu...
2024-01-03 02:13:21,017 INFO [main] c.r.r.p.Main [Main.java:49] -- Displaying main menu...
2024-01-03 09:13:30,065 INFO [main] c.r.r.p.Main [Main.java:49] -- Displaying main menu...
2024-01-03 09:20:10,584 INFO [main] c.r.r.p.Main [Main.java:49] -- Displaying main menu...
2024-01-03 09:20:22,437 INFO [main] c.r.r.p.Main [Main.java:49] -- Displaying main menu...
2024-01-03 09:20:45,384 INFO [main] c.r.r.p.Main [Main.java:64] -- User chose to login.
2024-01-03 09:20:52,093 INFO [main] c.r.r.p.Main [Main.java:49] -- Displaying main menu...
2024-01-03 09:20:54,700 INFO [main] c.r.r.p.Main [Main.java:67] -- User chose to view subscriptions.
2024-01-03 09:20:54,848 INFO [main] c.r.r.p.Main [Main.java:49] -- Displaying main menu...
2024-01-03 16:39:43,461 INFO [main] c.r.r.p.Main [Main.java:44] -- Displaying main menu...
